<?xml version="1.0" encoding="UTF-8"?>
<testng-results skipped="3" failed="1" total="4" passed="0">
  <reporter-output>
  </reporter-output>
  <suite name="Default suite" duration-ms="5896" started-at="2019-08-10T10:35:32Z" finished-at="2019-08-10T10:35:38Z">
    <groups>
    </groups>
    <test name="Default test" duration-ms="5896" started-at="2019-08-10T10:35:32Z" finished-at="2019-08-10T10:35:38Z">
      <class name="com.vcentry.tnstc.testcases.RegPageTest">
        <test-method status="FAIL" signature="validateRegPageTest(java.lang.String, java.lang.String, java.lang.String, java.lang.String, java.lang.String)[pri:0, instance:com.vcentry.tnstc.testcases.RegPageTest@b684286]" name="validateRegPageTest" duration-ms="4316" started-at="2019-08-10T16:05:34Z" data-provider="RegPageTest" finished-at="2019-08-10T16:05:38Z">
          <params>
            <param index="0">
              <value>
                <![CDATA[RegPageTest_DataSet2]]>
              </value>
            </param>
            <param index="1">
              <value>
                <![CDATA[Shakthi]]>
              </value>
            </param>
            <param index="2">
              <value>
                <![CDATA[shakthi]]>
              </value>
            </param>
            <param index="3">
              <value>
                <![CDATA[shakthi]]>
              </value>
            </param>
            <param index="4">
              <value>
                <![CDATA[High school name?]]>
              </value>
            </param>
          </params>
          <exception class="org.openqa.selenium.SessionNotCreatedException">
            <message>
              <![CDATA[session not created: This version of ChromeDriver only supports Chrome version 74
  (Driver info: chromedriver=74.0.3729.6 (255758eccf3d244491b8a1317aa76e1ce10d57e9-refs/branch-heads/3729@{#29}),platform=Windows NT 10.0.15063 x86_64) (WARNING: The server did not provide any stacktrace information)
Command duration or timeout: 2.27 seconds
Build info: version: '2.53.1', revision: 'a36b8b1', time: '2016-06-30 17:37:03'
System info: host: 'MAA-5CG71201KH', ip: '192.168.1.15', os.name: 'Windows 10', os.arch: 'amd64', os.version: '10.0', java.version: '1.8.0_211'
Driver info: org.openqa.selenium.chrome.ChromeDriver]]>
            </message>
            <full-stacktrace>
              <![CDATA[org.openqa.selenium.SessionNotCreatedException: session not created: This version of ChromeDriver only supports Chrome version 74
  (Driver info: chromedriver=74.0.3729.6 (255758eccf3d244491b8a1317aa76e1ce10d57e9-refs/branch-heads/3729@{#29}),platform=Windows NT 10.0.15063 x86_64) (WARNING: The server did not provide any stacktrace information)
Command duration or timeout: 2.27 seconds
Build info: version: '2.53.1', revision: 'a36b8b1', time: '2016-06-30 17:37:03'
System info: host: 'MAA-5CG71201KH', ip: '192.168.1.15', os.name: 'Windows 10', os.arch: 'amd64', os.version: '10.0', java.version: '1.8.0_211'
Driver info: org.openqa.selenium.chrome.ChromeDriver
	at sun.reflect.NativeConstructorAccessorImpl.newInstance0(Native Method)
	at sun.reflect.NativeConstructorAccessorImpl.newInstance(Unknown Source)
	at sun.reflect.DelegatingConstructorAccessorImpl.newInstance(Unknown Source)
	at java.lang.reflect.Constructor.newInstance(Unknown Source)
	at org.openqa.selenium.remote.ErrorHandler.createThrowable(ErrorHandler.java:206)
	at org.openqa.selenium.remote.ErrorHandler.throwIfResponseFailed(ErrorHandler.java:158)
	at org.openqa.selenium.remote.RemoteWebDriver.execute(RemoteWebDriver.java:678)
	at org.openqa.selenium.remote.RemoteWebDriver.startSession(RemoteWebDriver.java:249)
	at org.openqa.selenium.remote.RemoteWebDriver.<init>(RemoteWebDriver.java:131)
	at org.openqa.selenium.remote.RemoteWebDriver.<init>(RemoteWebDriver.java:144)
	at org.openqa.selenium.chrome.ChromeDriver.<init>(ChromeDriver.java:170)
	at org.openqa.selenium.chrome.ChromeDriver.<init>(ChromeDriver.java:159)
	at org.openqa.selenium.chrome.ChromeDriver.<init>(ChromeDriver.java:116)
	at com.vcentry.tnstc.initializer.Initializer.initialize(Initializer.java:64)
	at com.vcentry.tnstc.testcases.RegPageTest.validateRegPageTest(RegPageTest.java:27)
	at sun.reflect.NativeMethodAccessorImpl.invoke0(Native Method)
	at sun.reflect.NativeMethodAccessorImpl.invoke(Unknown Source)
	at sun.reflect.DelegatingMethodAccessorImpl.invoke(Unknown Source)
	at java.lang.reflect.Method.invoke(Unknown Source)
	at org.testng.internal.MethodInvocationHelper.invokeMethod(MethodInvocationHelper.java:85)
	at org.testng.internal.Invoker.invokeMethod(Invoker.java:639)
	at org.testng.internal.Invoker.invokeTestMethod(Invoker.java:816)
	at org.testng.internal.Invoker.invokeTestMethods(Invoker.java:1124)
	at org.testng.internal.TestMethodWorker.invokeTestMethods(TestMethodWorker.java:125)
	at org.testng.internal.TestMethodWorker.run(TestMethodWorker.java:108)
	at org.testng.TestRunner.privateRun(TestRunner.java:774)
	at org.testng.TestRunner.run(TestRunner.java:624)
	at org.testng.SuiteRunner.runTest(SuiteRunner.java:359)
	at org.testng.SuiteRunner.runSequentially(SuiteRunner.java:354)
	at org.testng.SuiteRunner.privateRun(SuiteRunner.java:312)
	at org.testng.SuiteRunner.run(SuiteRunner.java:261)
	at org.testng.SuiteRunnerWorker.runSuite(SuiteRunnerWorker.java:52)
	at org.testng.SuiteRunnerWorker.run(SuiteRunnerWorker.java:86)
	at org.testng.TestNG.runSuitesSequentially(TestNG.java:1215)
	at org.testng.TestNG.runSuitesLocally(TestNG.java:1140)
	at org.testng.TestNG.run(TestNG.java:1048)
	at org.testng.remote.RemoteTestNG.run(RemoteTestNG.java:112)
	at org.testng.remote.RemoteTestNG.initAndRun(RemoteTestNG.java:205)
	at org.testng.remote.RemoteTestNG.main(RemoteTestNG.java:176)
]]>
            </full-stacktrace>
          </exception> <!-- org.openqa.selenium.SessionNotCreatedException -->
          <reporter-output>
          </reporter-output>
        </test-method> <!-- validateRegPageTest -->
        <test-method status="SKIP" signature="validateRegPageTest(java.lang.String, java.lang.String, java.lang.String, java.lang.String, java.lang.String)[pri:0, instance:com.vcentry.tnstc.testcases.RegPageTest@b684286]" name="validateRegPageTest" duration-ms="0" started-at="2019-08-10T16:05:38Z" data-provider="RegPageTest" finished-at="2019-08-10T16:05:38Z">
          <params>
            <param index="0">
              <value>
                <![CDATA[RegPageTest_DataSet4]]>
              </value>
            </param>
            <param index="1">
              <value>
                <![CDATA[Shakthi2]]>
              </value>
            </param>
            <param index="2">
              <value>
                <![CDATA[Shakthi2]]>
              </value>
            </param>
            <param index="3">
              <value>
                <![CDATA[Shakthi2]]>
              </value>
            </param>
            <param index="4">
              <value>
                <![CDATA[High school name?]]>
              </value>
            </param>
          </params>
          <reporter-output>
          </reporter-output>
        </test-method> <!-- validateRegPageTest -->
        <test-method status="FAIL" signature="teardown(org.testng.ITestResult)[pri:0, instance:com.vcentry.tnstc.testcases.RegPageTest@b684286]" name="teardown" is-config="true" duration-ms="0" started-at="2019-08-10T16:05:38Z" finished-at="2019-08-10T16:05:38Z">
          <params>
            <param index="0">
              <value>
                <![CDATA[[TestResult name=validateRegPageTest status=FAILURE method=RegPageTest.validateRegPageTest(java.lang.String, java.lang.String, java.lang.String, java.lang.String, java.lang.String)[pri:0, instance:com.vcentry.tnstc.testcases.RegPageTest@b684286] output={null}]]]>
              </value>
            </param>
          </params>
          <exception class="java.lang.NullPointerException">
            <full-stacktrace>
              <![CDATA[java.lang.NullPointerException
	at com.vcentry.tnstc.testcases.RegPageTest.takeScreenshot(RegPageTest.java:96)
	at com.vcentry.tnstc.testcases.RegPageTest.teardown(RegPageTest.java:88)
	at sun.reflect.NativeMethodAccessorImpl.invoke0(Native Method)
	at sun.reflect.NativeMethodAccessorImpl.invoke(Unknown Source)
	at sun.reflect.DelegatingMethodAccessorImpl.invoke(Unknown Source)
	at java.lang.reflect.Method.invoke(Unknown Source)
	at org.testng.internal.MethodInvocationHelper.invokeMethod(MethodInvocationHelper.java:85)
	at org.testng.internal.Invoker.invokeConfigurationMethod(Invoker.java:510)
	at org.testng.internal.Invoker.invokeConfigurations(Invoker.java:211)
	at org.testng.internal.Invoker.invokeMethod(Invoker.java:703)
	at org.testng.internal.Invoker.invokeTestMethod(Invoker.java:816)
	at org.testng.internal.Invoker.invokeTestMethods(Invoker.java:1124)
	at org.testng.internal.TestMethodWorker.invokeTestMethods(TestMethodWorker.java:125)
	at org.testng.internal.TestMethodWorker.run(TestMethodWorker.java:108)
	at org.testng.TestRunner.privateRun(TestRunner.java:774)
	at org.testng.TestRunner.run(TestRunner.java:624)
	at org.testng.SuiteRunner.runTest(SuiteRunner.java:359)
	at org.testng.SuiteRunner.runSequentially(SuiteRunner.java:354)
	at org.testng.SuiteRunner.privateRun(SuiteRunner.java:312)
	at org.testng.SuiteRunner.run(SuiteRunner.java:261)
	at org.testng.SuiteRunnerWorker.runSuite(SuiteRunnerWorker.java:52)
	at org.testng.SuiteRunnerWorker.run(SuiteRunnerWorker.java:86)
	at org.testng.TestNG.runSuitesSequentially(TestNG.java:1215)
	at org.testng.TestNG.runSuitesLocally(TestNG.java:1140)
	at org.testng.TestNG.run(TestNG.java:1048)
	at org.testng.remote.RemoteTestNG.run(RemoteTestNG.java:112)
	at org.testng.remote.RemoteTestNG.initAndRun(RemoteTestNG.java:205)
	at org.testng.remote.RemoteTestNG.main(RemoteTestNG.java:176)
]]>
            </full-stacktrace>
          </exception> <!-- java.lang.NullPointerException -->
          <reporter-output>
          </reporter-output>
        </test-method> <!-- teardown -->
        <test-method status="SKIP" signature="validateRegPageTest(java.lang.String, java.lang.String, java.lang.String, java.lang.String, java.lang.String)[pri:0, instance:com.vcentry.tnstc.testcases.RegPageTest@b684286]" name="validateRegPageTest" duration-ms="0" started-at="2019-08-10T16:05:38Z" data-provider="RegPageTest" finished-at="2019-08-10T16:05:38Z">
          <params>
            <param index="0">
              <value>
                <![CDATA[RegPageTest_DataSet3]]>
              </value>
            </param>
            <param index="1">
              <value>
                <![CDATA[Shakthi1]]>
              </value>
            </param>
            <param index="2">
              <value>
                <![CDATA[Shakthi1]]>
              </value>
            </param>
            <param index="3">
              <value>
                <![CDATA[Shakthi1]]>
              </value>
            </param>
            <param index="4">
              <value>
                <![CDATA[High school name?]]>
              </value>
            </param>
          </params>
          <reporter-output>
          </reporter-output>
        </test-method> <!-- validateRegPageTest -->
        <test-method status="SKIP" signature="teardown(org.testng.ITestResult)[pri:0, instance:com.vcentry.tnstc.testcases.RegPageTest@b684286]" name="teardown" is-config="true" duration-ms="0" started-at="2019-08-10T16:05:38Z" finished-at="2019-08-10T16:05:38Z">
          <reporter-output>
          </reporter-output>
        </test-method> <!-- teardown -->
        <test-method status="SKIP" signature="teardown(org.testng.ITestResult)[pri:0, instance:com.vcentry.tnstc.testcases.RegPageTest@b684286]" name="teardown" is-config="true" duration-ms="0" started-at="2019-08-10T16:05:38Z" finished-at="2019-08-10T16:05:38Z">
          <reporter-output>
          </reporter-output>
        </test-method> <!-- teardown -->
        <test-method status="SKIP" signature="teardown(org.testng.ITestResult)[pri:0, instance:com.vcentry.tnstc.testcases.RegPageTest@b684286]" name="teardown" is-config="true" duration-ms="0" started-at="2019-08-10T16:05:38Z" finished-at="2019-08-10T16:05:38Z">
          <reporter-output>
          </reporter-output>
        </test-method> <!-- teardown -->
        <test-method status="SKIP" signature="validateRegPageTest(java.lang.String, java.lang.String, java.lang.String, java.lang.String, java.lang.String)[pri:0, instance:com.vcentry.tnstc.testcases.RegPageTest@b684286]" name="validateRegPageTest" duration-ms="0" started-at="2019-08-10T16:05:38Z" data-provider="RegPageTest" finished-at="2019-08-10T16:05:38Z">
          <params>
            <param index="0">
              <value>
                <![CDATA[RegPageTest_DataSet5]]>
              </value>
            </param>
            <param index="1">
              <value>
                <![CDATA[Shakthi3]]>
              </value>
            </param>
            <param index="2">
              <value>
                <![CDATA[Shakthi3]]>
              </value>
            </param>
            <param index="3">
              <value>
                <![CDATA[Shakthi3]]>
              </value>
            </param>
            <param index="4">
              <value>
                <![CDATA[High school name?]]>
              </value>
            </param>
          </params>
          <reporter-output>
          </reporter-output>
        </test-method> <!-- validateRegPageTest -->
      </class> <!-- com.vcentry.tnstc.testcases.RegPageTest -->
    </test> <!-- Default test -->
  </suite> <!-- Default suite -->
</testng-results>
